{"/Users/robwerner/git/r-werner/afl-ts-transpiler/src/aflModule.ts": {"path":"/Users/robwerner/git/r-werner/afl-ts-transpiler/src/aflModule.ts","statementMap":{"0":{"start":{"line":7,"column":0},"end":{"line":7,"column":16}},"1":{"start":{"line":16,"column":0},"end":{"line":16,"column":16}},"2":{"start":{"line":32,"column":0},"end":{"line":32,"column":16}},"3":{"start":{"line":8,"column":2},"end":{"line":8,"column":15}},"4":{"start":{"line":17,"column":2},"end":{"line":17,"column":27}},"5":{"start":{"line":33,"column":2},"end":{"line":33,"column":33}}},"fnMap":{"0":{"name":"add","decl":{"start":{"line":7,"column":16},"end":{"line":7,"column":19}},"loc":{"start":{"line":7,"column":40},"end":{"line":9,"column":1}}},"1":{"name":"greet","decl":{"start":{"line":16,"column":16},"end":{"line":16,"column":21}},"loc":{"start":{"line":16,"column":34},"end":{"line":18,"column":1}}},"2":{"name":"createPerson","decl":{"start":{"line":32,"column":16},"end":{"line":32,"column":28}},"loc":{"start":{"line":32,"column":64},"end":{"line":34,"column":1}}}},"branchMap":{},"s":{"0":1,"1":1,"2":1,"3":2,"4":2,"5":1},"f":{"0":2,"1":2,"2":1},"b":{}}
}
